Simple Downloader starting execution(06/02/2021 16:33:05)...

---------------------
Initializing job.
	Starting job at (06/02/2021 16:37:14)
Running job for regular video download.
Total bytes: 3160725
Finished downloading for:
Predictable Rave Song - S3RL ft Tamika

---------------------
Initializing job.
	Starting job at (06/02/2021 16:37:14)
Running job for regular video download.
Total bytes: 3160725
Finished downloading for:
Predictable Rave Song - S3RL ft Tamika
Running job for conversion
	System.Windows.Forms.Button, Text: Settings Button pressed
	System.Windows.Forms.Button, Text: Download Button pressed
	System.Windows.Forms.Button, Text: Settings Button pressed
	System.Windows.Forms.Button, Text: Download Button pressed

---------------------
Initializing job.
	Starting job at (06/02/2021 16:35:54)
Running job for regular video download.
Total bytes: 60675873
Finished downloading for:
MKN _ 100% Reverse Bass Hardstyle Podcast _ Episode 66 (Paul Woods Guestmix)

---------------------
Initializing job.
	Starting job at (06/02/2021 16:39:54)
Running job for regular video download.
Total bytes: 3455568
Finished downloading for:
CHASING The ENEMY (feat. イシザワユカリ)

---------------------
Initializing job.
	Starting job at (06/02/2021 16:35:54)
Running job for regular video download.
Total bytes: 60675873
Finished downloading for:
MKN _ 100% Reverse Bass Hardstyle Podcast _ Episode 66 (Paul Woods Guestmix)
Running job for conversion

---------------------
Initializing job.
	Starting job at (06/02/2021 16:39:54)
Running job for regular video download.
Total bytes: 3455568
Finished downloading for:
CHASING The ENEMY (feat. イシザワユカリ)
Running job for conversion
Ending Execution... (06/02/2021 16:41:20)
