Simple Downloader starting execution(06/02/2021 20:24:05)...

---------------------
Initializing job.
	Starting job at (06/02/2021 20:24:08)
Running job for regular video download.
Total bytes: 11610731
Finished downloading for:
Fox Stevenson - All Eyes On Me.mp4

---------------------
Initializing job.
	Starting job at (06/02/2021 20:24:54)
Running job for regular video download.
Total bytes: 2929665
Finished downloading for:
Fox Stevenson - All Eyes On Me

---------------------
Initializing job.
	Starting job at (06/02/2021 20:24:54)
Running job for regular video download.
Total bytes: 2929665
Finished downloading for:
Fox Stevenson - All Eyes On Me
Running job for conversion
Ending Execution... (06/02/2021 20:25:37)
