Simple Downloader starting execution(6/3/2021 9:28:59 AM)...
	System.Windows.Forms.Button, Text: Convert Button pressed
	System.Windows.Forms.Button, Text: Settings Button pressed
	System.Windows.Forms.Button, Text: Download Button pressed
	System.Windows.Forms.Button, Text: Settings Button pressed

---------------------
Initializing job.
	Starting job at (6/3/2021 9:29:07 AM)
Running job for regular video download.
Total bytes: 3433514
Finished downloading for:
Rick Astley - Never Gonna Give You Up (Video)

---------------------
Initializing job.
	Starting job at (6/3/2021 9:29:07 AM)
Running job for regular video download.
Total bytes: 3433514
Finished downloading for:
Rick Astley - Never Gonna Give You Up (Video)
Running job for conversion
	System.Windows.Forms.Button, Text: Download Button pressed
