Simple Downloader starting execution(6/3/2021 6:20:54 PM)...
	User toggled logging.
Updating settings file.
	System.Windows.Forms.Button, Text: Convert Button pressed
	System.Windows.Forms.Button, Text: Start Conversion Button pressed
	Displaying Error message: Something happened...
   at Video_Downloader.MainForm.AddJobRow(Agent agent, TableLayoutPanel panel) in C:\Users\zvanscoit\Downloads\Simple-Downloader\project-source\Video-Downloader\MainForm.cs:line 312
   at Video_Downloader.MainForm.convertStartButtonClick(Object sender, EventArgs e) in C:\Users\zvanscoit\Downloads\Simple-Downloader\project-source\Video-Downloader\MainForm.cs:line 202
	System.Windows.Forms.Button, Text: X Button pressed
	System.Windows.Forms.Button, Text: Select File Button pressed
	System.Windows.Forms.Button, Text: Download Button pressed
	System.Windows.Forms.Button, Text: Download Button pressed
	System.Windows.Forms.Button, Text: Download Button pressed

---------------------
Initializing job.
	Starting job at (6/3/2021 6:22:18 PM)
Running job for regular video download.
Total bytes: 2529333
Finished downloading for:
When They Request an Odin in Valorant....mp4
	System.Windows.Forms.Button, Text: Convert Button pressed
	System.Windows.Forms.Button, Text: Select File Button pressed
	System.Windows.Forms.Button, Text: Start Conversion Button pressed
	Displaying Error message: Something happened...
   at Video_Downloader.MainForm.AddJobRow(Agent agent, TableLayoutPanel panel) in C:\Users\zvanscoit\Downloads\Simple-Downloader\project-source\Video-Downloader\MainForm.cs:line 312
   at Video_Downloader.MainForm.convertStartButtonClick(Object sender, EventArgs e) in C:\Users\zvanscoit\Downloads\Simple-Downloader\project-source\Video-Downloader\MainForm.cs:line 202
	System.Windows.Forms.Button, Text: X Button pressed
	System.Windows.Forms.Button, Text: X Button pressed
Updating settings file.
Ending Execution... (6/3/2021 6:23:14 PM)
